nohttp/build/outputs/mapping/release/seeds.txt
android.support.v7.appcompat.R
android.support.v7.appcompat.R$anim
android.support.v7.appcompat.R$anim: int abc_fade_in
android.support.v7.appcompat.R$anim: int abc_fade_out
android.support.v7.appcompat.R$anim: int abc_grow_fade_in_from_bottom
android.support.v7.appcompat.R$anim: int abc_popup_enter
android.support.v7.appcompat.R$anim: int abc_popup_exit
android.support.v7.appcompat.R$anim: int abc_shrink_fade_out_from_bottom
android.support.v7.appcompat.R$anim: int abc_slide_in_bottom
android.support.v7.appcompat.R$anim: int abc_slide_in_top
android.support.v7.appcompat.R$anim: int abc_slide_out_bottom
android.support.v7.appcompat.R$anim: int abc_slide_out_top
android.support.v7.appcompat.R$attr
android.support.v7.appcompat.R$attr: int actionBarDivider
android.support.v7.appcompat.R$attr: int actionBarItemBackground
android.support.v7.appcompat.R$attr: int actionBarPopupTheme
android.support.v7.appcompat.R$attr: int actionBarSize
android.support.v7.appcompat.R$attr: int actionBarSplitStyle
android.support.v7.appcompat.R$attr: int actionBarStyle
android.support.v7.appcompat.R$attr: int actionBarTabBarStyle
android.support.v7.appcompat.R$attr: int actionBarTabStyle
android.support.v7.appcompat.R$attr: int actionBarTabTextStyle
android.support.v7.appcompat.R$attr: int actionBarTheme
android.support.v7.appcompat.R$attr: int actionBarWidgetTheme
android.support.v7.appcompat.R$attr: int actionButtonStyle
android.support.v7.appcompat.R$attr: int actionDropDownStyle
android.support.v7.appcompat.R$attr: int actionLayout
android.support.v7.appcompat.R$attr: int actionMenuTextAppearance
android.support.v7.appcompat.R$attr: int actionMenuTextColor
android.support.v7.appcompat.R$attr: int actionModeBackground
android.support.v7.appcompat.R$attr: int actionModeCloseButtonStyle
android.support.v7.appcompat.R$attr: int actionModeCloseDrawable
android.support.v7.appcompat.R$attr: int actionModeCopyDrawable
android.support.v7.appcompat.R$attr: int actionModeCutDrawable
android.support.v7.appcompat.R$attr: int actionModeFindDrawable
android.support.v7.appcompat.R$attr: int actionModePasteDrawable
android.support.v7.appcompat.R$bool
android.support.v7.appcompat.R$bool: int abc_action_bar_embed_tabs
android.support.v7.appcompat.R$bool: int abc_action_bar_embed_tabs_pre_jb
android.support.v7.appcompat.R$bool: int abc_action_bar_expanded_action_views_exclusive
android.support.v7.appcompat.R$bool: int abc_allow_stacked_button_bar
android.support.v7.appcompat.R$bool: int abc_config_actionMenuItemAllCaps
android.support.v7.appcompat.R$bool: int abc_config_allowActionMenuItemTextWithIcon
android.support.v7.appcompat.R$bool: int abc_config_closeDialogWhenTouchOutside
android.support.v7.appcompat.R$bool: int abc_config_showMenuShortcutsWhenKeyboardPresent