nohttp/build/outputs/mapping/release/mapping.txt
com.yolanda.nohttp.error.NetworkError -> com.yolanda.nohttp.f.b:
    void <init>() -> <init>
    void <init>(java.lang.String) -> <init>
com.yolanda.nohttp.error.NotFoundCacheError -> com.yolanda.nohttp.f.c:
    void <init>() -> <init>
    void <init>(java.lang.String) -> <init>
com.yolanda.nohttp.error.ParseError -> com.yolanda.nohttp.f.d:
    void <init>() -> <init>
    void <init>(java.lang.String) -> <init>
com.yolanda.nohttp.error.ServerError -> com.yolanda.nohttp.f.e:
    java.lang.String errorBody -> a
    void <init>() -> <init>
    void <init>(java.lang.String) -> <init>
    void setErrorBody(java.lang.String) -> a
com.yolanda.nohttp.error.StorageReadWriteError -> com.yolanda.nohttp.f.f:
    void <init>() -> <init>
    void <init>(java.lang.String) -> <init>
com.yolanda.nohttp.error.StorageSpaceNotEnoughError -> com.yolanda.nohttp.f.g:
    void <init>() -> <init>
    void <init>(java.lang.String) -> <init>
com.yolanda.nohttp.error.TimeoutError -> com.yolanda.nohttp.f.h:
    void <init>() -> <init>
    void <init>(java.lang.String) -> <init>
com.yolanda.nohttp.error.URLError -> com.yolanda.nohttp.f.i:
    void <init>() -> <init>
    void <init>(java.lang.String) -> <init>
com.yolanda.nohttp.error.UnKnownHostError -> com.yolanda.nohttp.f.j:
    void <init>() -> <init>
    void <init>(java.lang.String) -> <init>
com.yolanda.nohttp.rest.CacheMode -> com.yolanda.nohttp.g.a:
    com.yolanda.nohttp.rest.CacheMode DEFAULT -> a
    com.yolanda.nohttp.rest.CacheMode REQUEST_NETWORK_FAILED_READ_CACHE -> b
    com.yolanda.nohttp.rest.CacheMode NONE_CACHE_REQUEST_NETWORK -> c
    com.yolanda.nohttp.rest.CacheMode ONLY_READ_CACHE -> d
    com.yolanda.nohttp.rest.CacheMode ONLY_REQUEST_NETWORK -> e
    com.yolanda.nohttp.rest.CacheMode[] $VALUES -> f
    com.yolanda.nohttp.rest.CacheMode[] values() -> values
    com.yolanda.nohttp.rest.CacheMode valueOf(java.lang.String) -> valueOf
    void <init>(java.lang.String,int) -> <init>
    boolean isStandardHttpProtocol() -> a
    void <clinit>() -> <clinit>
com.yolanda.nohttp.rest.CacheMode$1 -> com.yolanda.nohttp.g.b:
    int[] $SwitchMap$com$yolanda$nohttp$rest$CacheMode -> a
    void <clinit>() -> <clinit>
com.yolanda.nohttp.rest.DefaultResponse -> com.yolanda.nohttp.g.c:
    java.lang.String url -> a
    com.yolanda.nohttp.RequestMethod method -> b
    boolean isFromCache -> c
    com.yolanda.nohttp.Headers headers -> d
    byte[] byteArray -> e
    java.lang.Object tag -> f
    java.lang.Object result -> g
    long mNetworkMillis -> h
    java.lang.Exception mException -> i
    void <init>(java.lang.String,com.yolanda.nohttp.RequestMethod,boolean,com.yolanda.nohttp.Headers,byte[],java.lang.Object,java.lang.Object,long,java.lang.Exception) -> <init>
    java.lang.String url() -> a
    boolean isSucceed() -> b
    com.yolanda.nohttp.Headers getHeaders() -> c
    java.lang.Object getTag() -> d
    java.lang.Object get() -> e
    java.lang.Exception getException() -> f
    long getNetworkMillis() -> g
    java.lang.String toString() -> toString
com.yolanda.nohttp.rest.HttpResponse -> com.yolanda.nohttp.g.d:
    com.yolanda.nohttp.Headers mResponseHeaders -> a
    boolean isFromCache -> b
    byte[] mResponseBody -> c
    java.lang.Exception mException -> d
    void <init>(com.yolanda.nohttp.Headers,byte[],boolean,java.lang.Exception) -> <init>
    com.yolanda.nohttp.Headers responseHeaders() -> a
    byte[] responseBody() -> b
    boolean isFromCache() -> c
    java.lang.Exception exception() -> d