nohttp/build/outputs/mapping/release/usage.txt
com.yolanda.nohttp.rest.RequestDispatcher$ThreadPoster:
    public static final int COMMAND_START
    public static final int COMMAND_RESPONSE
    public static final int COMMAND_FINISH
com.yolanda.nohttp.rest.Response:
    public abstract int responseCode()
    public abstract java.lang.String responseMesage()
    public abstract com.yolanda.nohttp.RequestMethod getRequestMethod()
    public abstract boolean isFromCache()
    public abstract java.util.List getCookies()
    public abstract byte[] getByteArray()
    public abstract java.lang.Object get()
com.yolanda.nohttp.rest.RestRequest:
    50:64:public RestRequest(java.lang.String)
    78:79:public void setCacheKey(java.lang.String)
    88:89:public void setCacheMode(com.yolanda.nohttp.rest.CacheMode)
    98:99:public void setRetryCount(int)
com.yolanda.nohttp.rest.SimpleResponseListener
com.yolanda.nohttp.rest.StringRequest:
    31:32:public StringRequest(java.lang.String)
    54:54:public static java.lang.String parseResponseString(java.lang.String,com.yolanda.nohttp.Headers,byte[])
com.yolanda.nohttp.tools.AndroidVersion
com.yolanda.nohttp.tools.BasicMultiValueMap:
    89:94:public java.util.List values()
    122:122:public boolean isEmpty()
    127:127:public boolean containsKey(java.lang.Object)
    131:131:public java.util.Map getSource()
com.yolanda.nohttp.tools.Encryption
com.yolanda.nohttp.tools.HeaderParser
com.yolanda.nohttp.tools.HeaderUtil:
    public static final java.lang.String FORMAT_HTTP_DATA
    36:36:public HeaderUtil()
com.yolanda.nohttp.tools.HttpDateTime
com.yolanda.nohttp.tools.IOUtils:
    52:52:public IOUtils()
    78:78:public static java.io.BufferedInputStream toBufferedInputStream(java.io.InputStream)
    86:86:public static java.io.BufferedReader toBufferedReader(java.io.Reader)
    90:90:public static java.io.BufferedWriter toBufferedWriter(java.io.Writer)
    94:94:public static java.io.InputStream toInputStream(java.lang.CharSequence)
    98:99:public static java.io.InputStream toInputStream(java.lang.CharSequence,java.lang.String)
    107:107:public static java.lang.String toString(java.io.InputStream,java.lang.String)
    111:111:public static java.lang.String toString(java.io.Reader)
    115:115:public static java.lang.String toString(java.io.Reader,java.lang.String)
    119:119:public static java.lang.String toString(byte[])
    131:133:public static byte[] toByteArray(java.lang.CharSequence)
    137:140:public static byte[] toByteArray(java.lang.CharSequence,java.lang.String)
    151:165:public static byte[] toByteArray(java.io.InputStream,int)
    169:172:public static byte[] toByteArray(java.io.Reader)
    176:179:public static byte[] toByteArray(java.io.Reader,java.lang.String)
    183:185:public static char[] toCharArray(java.lang.CharSequence)
    189:191:public static char[] toCharArray(java.io.InputStream)
    195:197:public static char[] toCharArray(java.io.InputStream,java.lang.String)
    201:203:public static char[] toCharArray(java.io.Reader)
com.yolanda.nohttp.tools.ImageDownloader
com.yolanda.nohttp.tools.ImageDownloader$1
com.yolanda.nohttp.tools.ImageDownloader$DownImageThread
com.yolanda.nohttp.tools.ImageDownloader$ImageHolder
com.yolanda.nohttp.tools.ImageDownloader$OnImageDownListener
com.yolanda.nohttp.tools.ImageLocalLoader
com.yolanda.nohttp.tools.ImageLocalLoader$1
com.yolanda.nohttp.tools.ImageLocalLoader$ImageLoadListener
com.yolanda.nohttp.tools.ImageLocalLoader$ImgBeanHolder
com.yolanda.nohttp.tools.ImageLocalLoader$TaskThread
com.yolanda.nohttp.tools.LruCache
com.yolanda.nohttp.tools.MultiValueMap:
    public abstract void add(java.lang.Object,java.lang.Object)
    public abstract void add(java.lang.Object,java.util.List)
    public abstract void set(java.lang.Object,java.util.List)
    public abstract void clear()
    public abstract java.util.List values()
    public abstract java.util.Set entrySet()
    public abstract boolean isEmpty()
    public abstract boolean containsKey(java.lang.Object)